<?xml version="1.0" encoding="UTF-8"?>
<!-- Generated by org.testng.reporters.JUnitReportReporter -->
<testsuite hostname="priprasara" failures="0" tests="1" name="cucumber.TestNGTestRunner" time="10.094" errors="0" timestamp="2023-01-04T12:29:38 IST" skipped="0">
  <testcase classname="cucumber.TestNGTestRunner" name="runScenario" time="10.094"/>
  <system-out/>
</testsuite> <!-- cucumber.TestNGTestRunner -->
